2026/06/26 18:08:26 SSH server listening on 127.0.0.1:2222 — connect with: ssh localhost -p 2222
2026/06/26 18:40:07 INFO sujan connect 127.0.0.1:58641 true [] xterm-ghostty 104 35 SSH-2.0-OpenSSH_10.3
2026/06/26 18:57:09 TUI-DEBUG add: item="Vegan Chilli Pomodoro Pizza" swiggyID="57873273" rest="The Pizza Bakery - Wood Fired Sourdough"
2026/06/26 18:57:09 TUI-DEBUG add: fetching options for "Vegan Chilli Pomodoro Pizza"
2026/06/26 18:57:16 TUI-DEBUG wizardOptionalCmd: probe 1/5 group="Pizza Experiences!"
2026/06/26 18:57:17 TUI-DEBUG wizardOptionalCmd: probe 2/5 group="Extra Sauce (on the pizza)"
2026/06/26 18:57:18 TUI-DEBUG wizardOptionalCmd: probe 3/5 group="Extra Cheese Topping"
2026/06/26 18:57:19 TUI-DEBUG wizardOptionalCmd: probe 4/5 group="Extra Veg Topping"
2026/06/26 18:57:20 TUI-DEBUG wizardOptionalCmd: probe 5/5 group="Extra Non-Veg Topping"
2026/06/26 18:57:31 TUI-DEBUG add: item="Punchy Paneer Pizza" swiggyID="152504436" rest="The Pizza Bakery - Wood Fired Sourdough"
2026/06/26 18:57:31 TUI-DEBUG add: fetching options for "Punchy Paneer Pizza"
2026/06/26 18:57:37 TUI-DEBUG wizardOptionalCmd: probe 1/5 group="Pizza Experiences!"
2026/06/26 18:57:38 TUI-DEBUG wizardOptionalCmd: probe 2/5 group="Extra Cheese Topping"
2026/06/26 18:57:39 TUI-DEBUG wizardOptionalCmd: probe 3/5 group="Extra Sauce (on the pizza)"
2026/06/26 18:57:40 TUI-DEBUG wizardOptionalCmd: probe 4/5 group="Extra Veg Topping"
2026/06/26 18:57:42 TUI-DEBUG wizardOptionalCmd: probe 5/5 group="Extra Non-Veg Topping"
2026/06/26 18:57:54 TUI-DEBUG add: item="Garlic Aioli 50ml" swiggyID="125486269" rest="The Pizza Bakery - Wood Fired Sourdough"
2026/06/26 18:57:54 TUI-DEBUG liveSyncCart: SYNC restaurant="The Pizza Bakery - Wood Fired Sourdough" swiggyRest="69350" items=3
2026/06/26 18:58:02 TUI-DEBUG add: item="Stuffed Garlic Bread with Spicy Chicken Cafreal" swiggyID="181093685" rest="The Pizza Bakery - Wood Fired Sourdough"
2026/06/26 18:58:02 TUI-DEBUG add: fetching options for "Stuffed Garlic Bread with Spicy Chicken Cafreal"
2026/06/26 18:58:06 TUI-DEBUG liveSyncCart: SYNC restaurant="The Pizza Bakery - Wood Fired Sourdough" swiggyRest="69350" items=4
2026/06/26 18:58:08 TUI-DEBUG add: item="Stuffed Garlic Bread with Chicken" swiggyID="51859189" rest="The Pizza Bakery - Wood Fired Sourdough"
2026/06/26 18:58:08 TUI-DEBUG add: fetching options for "Stuffed Garlic Bread with Chicken"
2026/06/26 18:58:12 TUI-DEBUG add: item="Vegan Garlic Bread with Sun-dried Tomatoes" swiggyID="66895041" rest="The Pizza Bakery - Wood Fired Sourdough"
2026/06/26 18:58:12 TUI-DEBUG add: fetching options for "Vegan Garlic Bread with Sun-dried Tomatoes"
2026/06/26 18:58:15 TUI-DEBUG liveSyncCart: SYNC restaurant="The Pizza Bakery - Wood Fired Sourdough" swiggyRest="69350" items=5
2026/06/26 18:58:22 TUI-DEBUG add: item="Italian Margherita Pizza" swiggyID="51859141" rest="The Pizza Bakery - Wood Fired Sourdough"
2026/06/26 18:58:22 TUI-DEBUG add: fetching options for "Italian Margherita Pizza"
2026/06/26 18:58:27 TUI-DEBUG wizardOptionalCmd: probe 1/5 group="Pizza Experiences!"
2026/06/26 18:58:28 TUI-DEBUG wizardOptionalCmd: probe 2/5 group="Extra Sauce (on the pizza)"
2026/06/26 18:58:29 TUI-DEBUG wizardOptionalCmd: probe 3/5 group="Extra Cheese Topping"
2026/06/26 18:58:30 TUI-DEBUG liveSyncCart: SYNC restaurant="The Pizza Bakery - Wood Fired Sourdough" swiggyRest="69350" items=5
2026/06/26 18:58:54 TUI-DEBUG add: item="Veggie Paradise Pizza - Regular" swiggyID="146303650" rest="Domino's Pizza"
2026/06/26 18:58:54 TUI-DEBUG add: fetching options for "Veggie Paradise Pizza - Regular"
2026/06/26 18:59:06 TUI-DEBUG liveSyncCart: SYNC restaurant="Domino's Pizza" swiggyRest="23850" items=1
2026/06/26 18:59:08 TUI-DEBUG add: item="Mexican Green Wave Pizza - Regular" swiggyID="146303651" rest="Domino's Pizza"
2026/06/26 18:59:08 TUI-DEBUG add: fetching options for "Mexican Green Wave Pizza - Regular"
2026/06/26 18:59:28 TUI-DEBUG add: item="Veggie Paradise Pizza" swiggyID="91827160" rest="Domino's Pizza"
2026/06/26 18:59:28 TUI-DEBUG add: fetching options for "Veggie Paradise Pizza"
2026/06/26 18:59:33 TUI-DEBUG scopeVariantCmd: probe "Regular" (1/3) of "Size"
2026/06/26 18:59:34 TUI-DEBUG scopeVariantCmd: probe "Medium" (2/3) of "Size"
2026/06/26 18:59:36 TUI-DEBUG scopeVariantCmd: probe "Large" (3/3) of "Size"
2026/06/26 18:59:42 TUI-DEBUG wizardOptionalCmd: probe 1/9 group="Extra Cheese Regular"
2026/06/26 18:59:43 TUI-DEBUG wizardOptionalCmd: probe 2/9 group="Non-Veg Toppings Regular"
2026/06/26 18:59:44 TUI-DEBUG wizardOptionalCmd: probe 3/9 group="Veg Toppings Regular"
2026/06/26 18:59:45 TUI-DEBUG wizardOptionalCmd: probe 4/9 group="Extra Cheese Medium"
2026/06/26 18:59:46 TUI-DEBUG wizardOptionalCmd: probe 5/9 group="Veg Toppings Medium"
2026/06/26 18:59:47 TUI-DEBUG wizardOptionalCmd: probe 6/9 group="Non-Veg Toppings Medium"
2026/06/26 18:59:48 TUI-DEBUG wizardOptionalCmd: probe 7/9 group="Extra Cheese Large"
2026/06/26 18:59:49 TUI-DEBUG wizardOptionalCmd: probe 8/9 group="Veg Toppings Large"
2026/06/26 18:59:49 TUI-DEBUG wizardOptionalCmd: probe 9/9 group="Non-Veg Toppings Large"
